[19:26:13] [trace] AURA: [Core] Hazel Engine v0.1
[19:26:13] [trace] AURA: [Core] Initializing...
[19:26:13] [info] AURA: [GLFW] Creating window AuraEditor (1280, 720)
[19:26:13] [info] AURA: [Renderer] VulkanContext::Create
[19:26:14] [trace] AURA: [Renderer] Found 1 GPUS.
[19:26:14] [trace] AURA: [Renderer] Selected: NVIDIA GeForce RTX 2070 SUPER
[19:26:14] [trace] AURA: [Renderer] Selected physical device has 181 extensions
[19:26:14] [trace] AURA: [Renderer]   VK_KHR_16bit_storage
[19:26:14] [trace] AURA: [Renderer]   VK_KHR_8bit_storage
[19:26:14] [trace] AURA: [Renderer]   VK_KHR_acceleration_structure
[19:26:14] [trace] AURA: [Renderer]   VK_KHR_bind_memory2
[19:26:14] [trace] AURA: [Renderer]   VK_KHR_buffer_device_address
[19:26:14] [trace] AURA: [Renderer]   VK_KHR_copy_commands2
[19:26:14] [trace] AURA: [Renderer]   VK_KHR_create_renderpass2
[19:26:14] [trace] AURA: [Renderer]   VK_KHR_dedicated_allocation
[19:26:14] [trace] AURA: [Renderer]   VK_KHR_deferred_host_operations
[19:26:14] [trace] AURA: [Renderer]   VK_KHR_depth_stencil_resolve
[19:26:14] [trace] AURA: [Renderer]   VK_KHR_descriptor_update_template
[19:26:14] [trace] AURA: [Renderer]   VK_KHR_device_group
[19:26:14] [trace] AURA: [Renderer]   VK_KHR_draw_indirect_count
[19:26:14] [trace] AURA: [Renderer]   VK_KHR_driver_properties
[19:26:14] [trace] AURA: [Renderer]   VK_KHR_dynamic_rendering
[19:26:14] [trace] AURA: [Renderer]   VK_KHR_external_fence
[19:26:14] [trace] AURA: [Renderer]   VK_KHR_external_fence_win32
[19:26:14] [trace] AURA: [Renderer]   VK_KHR_external_memory
[19:26:14] [trace] AURA: [Renderer]   VK_KHR_external_memory_win32
[19:26:14] [trace] AURA: [Renderer]   VK_KHR_external_semaphore
[19:26:14] [trace] AURA: [Renderer]   VK_KHR_external_semaphore_win32
[19:26:14] [trace] AURA: [Renderer]   VK_KHR_format_feature_flags2
[19:26:14] [trace] AURA: [Renderer]   VK_KHR_fragment_shader_barycentric
[19:26:14] [trace] AURA: [Renderer]   VK_KHR_fragment_shading_rate
[19:26:14] [trace] AURA: [Renderer]   VK_KHR_get_memory_requirements2
[19:26:14] [trace] AURA: [Renderer]   VK_KHR_image_format_list
[19:26:14] [trace] AURA: [Renderer]   VK_KHR_imageless_framebuffer
[19:26:14] [trace] AURA: [Renderer]   VK_KHR_maintenance1
[19:26:14] [trace] AURA: [Renderer]   VK_KHR_maintenance2
[19:26:14] [trace] AURA: [Renderer]   VK_KHR_maintenance3
[19:26:14] [trace] AURA: [Renderer]   VK_KHR_maintenance4
[19:26:14] [trace] AURA: [Renderer]   VK_KHR_multiview
[19:26:14] [trace] AURA: [Renderer]   VK_KHR_pipeline_executable_properties
[19:26:14] [trace] AURA: [Renderer]   VK_KHR_pipeline_library
[19:26:14] [trace] AURA: [Renderer]   VK_KHR_present_id
[19:26:14] [trace] AURA: [Renderer]   VK_KHR_present_wait
[19:26:14] [trace] AURA: [Renderer]   VK_KHR_push_descriptor
[19:26:14] [trace] AURA: [Renderer]   VK_KHR_ray_query
[19:26:14] [trace] AURA: [Renderer]   VK_KHR_ray_tracing_maintenance1
[19:26:14] [trace] AURA: [Renderer]   VK_KHR_ray_tracing_pipeline
[19:26:14] [trace] AURA: [Renderer]   VK_KHR_relaxed_block_layout
[19:26:14] [trace] AURA: [Renderer]   VK_KHR_sampler_mirror_clamp_to_edge
[19:26:14] [trace] AURA: [Renderer]   VK_KHR_sampler_ycbcr_conversion
[19:26:14] [trace] AURA: [Renderer]   VK_KHR_separate_depth_stencil_layouts
[19:26:14] [trace] AURA: [Renderer]   VK_KHR_shader_atomic_int64
[19:26:14] [trace] AURA: [Renderer]   VK_KHR_shader_clock
[19:26:14] [trace] AURA: [Renderer]   VK_KHR_shader_draw_parameters
[19:26:14] [trace] AURA: [Renderer]   VK_KHR_shader_float16_int8
[19:26:14] [trace] AURA: [Renderer]   VK_KHR_shader_float_controls
[19:26:14] [trace] AURA: [Renderer]   VK_KHR_shader_integer_dot_product
[19:26:14] [trace] AURA: [Renderer]   VK_KHR_shader_non_semantic_info
[19:26:14] [trace] AURA: [Renderer]   VK_KHR_shader_subgroup_extended_types
[19:26:14] [trace] AURA: [Renderer]   VK_KHR_shader_subgroup_uniform_control_flow
[19:26:14] [trace] AURA: [Renderer]   VK_KHR_shader_terminate_invocation
[19:26:14] [trace] AURA: [Renderer]   VK_KHR_spirv_1_4
[19:26:14] [trace] AURA: [Renderer]   VK_KHR_storage_buffer_storage_class
[19:26:14] [trace] AURA: [Renderer]   VK_KHR_swapchain
[19:26:14] [trace] AURA: [Renderer]   VK_KHR_swapchain_mutable_format
[19:26:14] [trace] AURA: [Renderer]   VK_KHR_synchronization2
[19:26:14] [trace] AURA: [Renderer]   VK_KHR_timeline_semaphore
[19:26:14] [trace] AURA: [Renderer]   VK_KHR_uniform_buffer_standard_layout
[19:26:14] [trace] AURA: [Renderer]   VK_KHR_variable_pointers
[19:26:14] [trace] AURA: [Renderer]   VK_KHR_video_decode_h264
[19:26:14] [trace] AURA: [Renderer]   VK_KHR_video_decode_h265
[19:26:14] [trace] AURA: [Renderer]   VK_KHR_video_decode_queue
[19:26:14] [trace] AURA: [Renderer]   VK_KHR_video_queue
[19:26:14] [trace] AURA: [Renderer]   VK_KHR_vulkan_memory_model
[19:26:14] [trace] AURA: [Renderer]   VK_KHR_win32_keyed_mutex
[19:26:14] [trace] AURA: [Renderer]   VK_KHR_workgroup_memory_explicit_layout
[19:26:14] [trace] AURA: [Renderer]   VK_KHR_zero_initialize_workgroup_memory
[19:26:14] [trace] AURA: [Renderer]   VK_EXT_4444_formats
[19:26:14] [trace] AURA: [Renderer]   VK_EXT_attachment_feedback_loop_layout
[19:26:14] [trace] AURA: [Renderer]   VK_EXT_blend_operation_advanced
[19:26:14] [trace] AURA: [Renderer]   VK_EXT_border_color_swizzle
[19:26:14] [trace] AURA: [Renderer]   VK_EXT_buffer_device_address
[19:26:14] [trace] AURA: [Renderer]   VK_EXT_calibrated_timestamps
[19:26:14] [trace] AURA: [Renderer]   VK_EXT_color_write_enable
[19:26:14] [trace] AURA: [Renderer]   VK_EXT_conditional_rendering
[19:26:14] [trace] AURA: [Renderer]   VK_EXT_conservative_rasterization
[19:26:14] [trace] AURA: [Renderer]   VK_EXT_custom_border_color
[19:26:14] [trace] AURA: [Renderer]   VK_EXT_depth_clamp_zero_one
[19:26:14] [trace] AURA: [Renderer]   VK_EXT_depth_clip_control
[19:26:14] [trace] AURA: [Renderer]   VK_EXT_depth_clip_enable
[19:26:14] [trace] AURA: [Renderer]   VK_EXT_depth_range_unrestricted
[19:26:14] [trace] AURA: [Renderer]   VK_EXT_descriptor_buffer
[19:26:14] [trace] AURA: [Renderer]   VK_EXT_descriptor_indexing
[19:26:14] [trace] AURA: [Renderer]   VK_EXT_discard_rectangles
[19:26:14] [trace] AURA: [Renderer]   VK_EXT_extended_dynamic_state
[19:26:14] [trace] AURA: [Renderer]   VK_EXT_extended_dynamic_state2
[19:26:14] [trace] AURA: [Renderer]   VK_EXT_extended_dynamic_state3
[19:26:14] [trace] AURA: [Renderer]   VK_EXT_external_memory_host
[19:26:14] [trace] AURA: [Renderer]   VK_EXT_fragment_shader_interlock
[19:26:14] [trace] AURA: [Renderer]   VK_EXT_full_screen_exclusive
[19:26:14] [trace] AURA: [Renderer]   VK_EXT_graphics_pipeline_library
[19:26:14] [trace] AURA: [Renderer]   VK_EXT_hdr_metadata
[19:26:14] [trace] AURA: [Renderer]   VK_EXT_host_query_reset
[19:26:14] [trace] AURA: [Renderer]   VK_EXT_image_2d_view_of_3d
[19:26:14] [trace] AURA: [Renderer]   VK_EXT_image_robustness
[19:26:14] [trace] AURA: [Renderer]   VK_EXT_image_view_min_lod
[19:26:14] [trace] AURA: [Renderer]   VK_EXT_index_type_uint8
[19:26:14] [trace] AURA: [Renderer]   VK_EXT_inline_uniform_block
[19:26:14] [trace] AURA: [Renderer]   VK_EXT_line_rasterization
[19:26:14] [trace] AURA: [Renderer]   VK_EXT_load_store_op_none
[19:26:14] [trace] AURA: [Renderer]   VK_EXT_memory_budget
[19:26:14] [trace] AURA: [Renderer]   VK_EXT_memory_priority
[19:26:14] [trace] AURA: [Renderer]   VK_EXT_mesh_shader
[19:26:14] [trace] AURA: [Renderer]   VK_EXT_multi_draw
[19:26:14] [trace] AURA: [Renderer]   VK_EXT_mutable_descriptor_type
[19:26:14] [trace] AURA: [Renderer]   VK_EXT_non_seamless_cube_map
[19:26:14] [trace] AURA: [Renderer]   VK_EXT_opacity_micromap
[19:26:14] [trace] AURA: [Renderer]   VK_EXT_pageable_device_local_memory
[19:26:14] [trace] AURA: [Renderer]   VK_EXT_pci_bus_info
[19:26:14] [trace] AURA: [Renderer]   VK_EXT_pipeline_creation_cache_control
[19:26:14] [trace] AURA: [Renderer]   VK_EXT_pipeline_creation_feedback
[19:26:14] [trace] AURA: [Renderer]   VK_EXT_pipeline_robustness
[19:26:14] [trace] AURA: [Renderer]   VK_EXT_post_depth_coverage
[19:26:14] [trace] AURA: [Renderer]   VK_EXT_primitive_topology_list_restart
[19:26:14] [trace] AURA: [Renderer]   VK_EXT_primitives_generated_query
[19:26:14] [trace] AURA: [Renderer]   VK_EXT_private_data
[19:26:14] [trace] AURA: [Renderer]   VK_EXT_provoking_vertex
[19:26:14] [trace] AURA: [Renderer]   VK_EXT_queue_family_foreign
[19:26:14] [trace] AURA: [Renderer]   VK_EXT_robustness2
[19:26:14] [trace] AURA: [Renderer]   VK_EXT_sample_locations
[19:26:14] [trace] AURA: [Renderer]   VK_EXT_sampler_filter_minmax
[19:26:14] [trace] AURA: [Renderer]   VK_EXT_scalar_block_layout
[19:26:14] [trace] AURA: [Renderer]   VK_EXT_separate_stencil_usage
[19:26:14] [trace] AURA: [Renderer]   VK_EXT_shader_atomic_float
[19:26:14] [trace] AURA: [Renderer]   VK_EXT_shader_demote_to_helper_invocation
[19:26:14] [trace] AURA: [Renderer]   VK_EXT_shader_image_atomic_int64
[19:26:14] [trace] AURA: [Renderer]   VK_EXT_shader_module_identifier
[19:26:14] [trace] AURA: [Renderer]   VK_EXT_shader_subgroup_ballot
[19:26:14] [trace] AURA: [Renderer]   VK_EXT_shader_subgroup_vote
[19:26:14] [trace] AURA: [Renderer]   VK_EXT_shader_viewport_index_layer
[19:26:14] [trace] AURA: [Renderer]   VK_EXT_subgroup_size_control
[19:26:14] [trace] AURA: [Renderer]   VK_EXT_texel_buffer_alignment
[19:26:14] [trace] AURA: [Renderer]   VK_EXT_tooling_info
[19:26:14] [trace] AURA: [Renderer]   VK_EXT_transform_feedback
[19:26:14] [trace] AURA: [Renderer]   VK_EXT_vertex_attribute_divisor
[19:26:14] [trace] AURA: [Renderer]   VK_EXT_vertex_input_dynamic_state
[19:26:14] [trace] AURA: [Renderer]   VK_EXT_ycbcr_2plane_444_formats
[19:26:14] [trace] AURA: [Renderer]   VK_EXT_ycbcr_image_arrays
[19:26:14] [trace] AURA: [Renderer]   VK_NV_clip_space_w_scaling
[19:26:14] [trace] AURA: [Renderer]   VK_NV_compute_shader_derivatives
[19:26:14] [trace] AURA: [Renderer]   VK_NV_cooperative_matrix
[19:26:14] [trace] AURA: [Renderer]   VK_NV_copy_memory_indirect
[19:26:14] [trace] AURA: [Renderer]   VK_NV_corner_sampled_image
[19:26:14] [trace] AURA: [Renderer]   VK_NV_coverage_reduction_mode
[19:26:14] [trace] AURA: [Renderer]   VK_NV_cuda_kernel_launch
[19:26:14] [trace] AURA: [Renderer]   VK_NV_dedicated_allocation
[19:26:14] [trace] AURA: [Renderer]   VK_NV_dedicated_allocation_image_aliasing
[19:26:14] [trace] AURA: [Renderer]   VK_NV_device_diagnostic_checkpoints
[19:26:14] [trace] AURA: [Renderer]   VK_NV_device_diagnostics_config
[19:26:14] [trace] AURA: [Renderer]   VK_NV_device_generated_commands
[19:26:14] [trace] AURA: [Renderer]   VK_NV_external_memory
[19:26:14] [trace] AURA: [Renderer]   VK_NV_external_memory_win32
[19:26:14] [trace] AURA: [Renderer]   VK_NV_fill_rectangle
[19:26:14] [trace] AURA: [Renderer]   VK_NV_fragment_coverage_to_color
[19:26:14] [trace] AURA: [Renderer]   VK_NV_fragment_shader_barycentric
[19:26:14] [trace] AURA: [Renderer]   VK_NV_fragment_shading_rate_enums
[19:26:14] [trace] AURA: [Renderer]   VK_NV_framebuffer_mixed_samples
[19:26:14] [trace] AURA: [Renderer]   VK_NV_geometry_shader_passthrough
[19:26:14] [trace] AURA: [Renderer]   VK_NV_inherited_viewport_scissor
[19:26:14] [trace] AURA: [Renderer]   VK_NV_linear_color_attachment
[19:26:14] [trace] AURA: [Renderer]   VK_NV_low_latency
[19:26:14] [trace] AURA: [Renderer]   VK_NV_memory_decompression
[19:26:14] [trace] AURA: [Renderer]   VK_NV_mesh_shader
[19:26:14] [trace] AURA: [Renderer]   VK_NV_ray_tracing
[19:26:14] [trace] AURA: [Renderer]   VK_NV_ray_tracing_invocation_reorder
[19:26:14] [trace] AURA: [Renderer]   VK_NV_representative_fragment_test
[19:26:14] [trace] AURA: [Renderer]   VK_NV_sample_mask_override_coverage
[19:26:14] [trace] AURA: [Renderer]   VK_NV_scissor_exclusive
[19:26:14] [trace] AURA: [Renderer]   VK_NV_shader_image_footprint
[19:26:14] [trace] AURA: [Renderer]   VK_NV_shader_sm_builtins
[19:26:14] [trace] AURA: [Renderer]   VK_NV_shader_subgroup_partitioned
[19:26:14] [trace] AURA: [Renderer]   VK_NV_shading_rate_image
[19:26:14] [trace] AURA: [Renderer]   VK_NV_viewport_array2
[19:26:14] [trace] AURA: [Renderer]   VK_NV_viewport_swizz